
Python version:
2.7.11 |Anaconda 2.5.0 (64-bit)| (default, Dec  6 2015, 18:08:32) 
[GCC 4.4.7 20120313 (Red Hat 4.4.7-1)]

snake version: 0.1


[info] registering simulation ...
	- description: cuIBM (current) - cusp-0.5.1
	- software: cuibm
	- directory: /home/mesnardo/snakeReproducibilityPackages/cuibm/current/cusp051/Re1000AoA35

[info] reading forces ...

[info] registering simulation ...
	- description: Krishnan et al. (2014)
	- software: cuibm
	- directory: /home/mesnardo/git/barbagroup/snake-repro/reproducibilityPackages/snakePaperFigures/cuibm

[info] reading forces ...
[info] instantaneous signals are averaged between 32.0 and 64.0 time-units.
[info] Strouhal number is averaged over the 10 periods of the lift curve between 34.3088 and 62.3364 time-units.
[info] instantaneous signals are averaged between 32.0 and 64.0 time-units.
[info] Strouhal number is averaged over the 10 periods of the lift curve between 34.154 and 62.0284 time-units.
                                <Cd>    <Cl>    <St>
cuIBM (current) - cusp-0.5.1  1.2101  1.8738  0.3568
Krishnan et al. (2014)        1.2086  1.8759  0.3588
