[info] registering simulation ...
	- directory: /home/mesnardo/simulations_OpenFOAM/flyingSnake2d/snappyHexMesh/surfaceFeatureExtract/flyingSnake2dRe1000AoA25_20151103
	- description: None
	- software: openfoam
[info] reading force-coefficients in /home/mesnardo/simulations_OpenFOAM/flyingSnake2d/snappyHexMesh/surfaceFeatureExtract/flyingSnake2dRe1000AoA25_20151103/postProcessing/forceCoeffs ...
[info] registering simulation ...
	- directory: /home/mesnardo/simulations_OpenFOAM/flyingSnake2d/snappyHexMesh/surfaceFeatureExtract/flyingSnake2dRe1000AoA30_20151103
	- description: None
	- software: openfoam
[info] reading force-coefficients in /home/mesnardo/simulations_OpenFOAM/flyingSnake2d/snappyHexMesh/surfaceFeatureExtract/flyingSnake2dRe1000AoA30_20151103/postProcessing/forceCoeffs ...
[info] registering simulation ...
	- directory: /home/mesnardo/simulations_OpenFOAM/flyingSnake2d/snappyHexMesh/surfaceFeatureExtract/flyingSnake2dRe1000AoA35_20151030
	- description: None
	- software: openfoam
[info] reading force-coefficients in /home/mesnardo/simulations_OpenFOAM/flyingSnake2d/snappyHexMesh/surfaceFeatureExtract/flyingSnake2dRe1000AoA35_20151030/postProcessing/forceCoeffs ...
[info] registering simulation ...
	- directory: /home/mesnardo/simulations_OpenFOAM/flyingSnake2d/snappyHexMesh/surfaceFeatureExtract/flyingSnake2dRe1000AoA40_20151110
	- description: None
	- software: openfoam
[info] reading force-coefficients in /home/mesnardo/simulations_OpenFOAM/flyingSnake2d/snappyHexMesh/surfaceFeatureExtract/flyingSnake2dRe1000AoA40_20151110/postProcessing/forceCoeffs ...
[info] registering simulation ...
	- directory: /home/mesnardo/simulations_OpenFOAM/flyingSnake2d/snappyHexMesh/surfaceFeatureExtract/flyingSnake2dRe2000AoA25_20151103
	- description: None
	- software: openfoam
[info] reading force-coefficients in /home/mesnardo/simulations_OpenFOAM/flyingSnake2d/snappyHexMesh/surfaceFeatureExtract/flyingSnake2dRe2000AoA25_20151103/postProcessing/forceCoeffs ...
[info] registering simulation ...
	- directory: /home/mesnardo/simulations_OpenFOAM/flyingSnake2d/snappyHexMesh/surfaceFeatureExtract/flyingSnake2dRe2000AoA30_20151103
	- description: None
	- software: openfoam
[info] reading force-coefficients in /home/mesnardo/simulations_OpenFOAM/flyingSnake2d/snappyHexMesh/surfaceFeatureExtract/flyingSnake2dRe2000AoA30_20151103/postProcessing/forceCoeffs ...
[info] registering simulation ...
	- directory: /home/mesnardo/simulations_OpenFOAM/flyingSnake2d/snappyHexMesh/surfaceFeatureExtract/flyingSnake2dRe2000AoA35_20151030
	- description: None
	- software: openfoam
[info] reading force-coefficients in /home/mesnardo/simulations_OpenFOAM/flyingSnake2d/snappyHexMesh/surfaceFeatureExtract/flyingSnake2dRe2000AoA35_20151030/postProcessing/forceCoeffs ...
[info] registering simulation ...
	- directory: /home/mesnardo/simulations_OpenFOAM/flyingSnake2d/snappyHexMesh/surfaceFeatureExtract/flyingSnake2dRe2000AoA40_20151110
	- description: None
	- software: openfoam
[info] reading force-coefficients in /home/mesnardo/simulations_OpenFOAM/flyingSnake2d/snappyHexMesh/surfaceFeatureExtract/flyingSnake2dRe2000AoA40_20151110/postProcessing/forceCoeffs ...
[info] registering simulation ...
	- directory: /home/mesnardo/git/mesnardo/snake/resources/flyingSnake2d_cuibm_anush/flyingSnake2dRe1000AoA25
	- description: None
	- software: cuibm
[info] reading forces from file /home/mesnardo/git/mesnardo/snake/resources/flyingSnake2d_cuibm_anush/flyingSnake2dRe1000AoA25/forces ... done
[info] registering simulation ...
	- directory: /home/mesnardo/git/mesnardo/snake/resources/flyingSnake2d_cuibm_anush/flyingSnake2dRe1000AoA30
	- description: None
	- software: cuibm
[info] reading forces from file /home/mesnardo/git/mesnardo/snake/resources/flyingSnake2d_cuibm_anush/flyingSnake2dRe1000AoA30/forces ... done
[info] registering simulation ...
	- directory: /home/mesnardo/git/mesnardo/snake/resources/flyingSnake2d_cuibm_anush/flyingSnake2dRe1000AoA35
	- description: None
	- software: cuibm
[info] reading forces from file /home/mesnardo/git/mesnardo/snake/resources/flyingSnake2d_cuibm_anush/flyingSnake2dRe1000AoA35/forces ... done
[info] registering simulation ...
	- directory: /home/mesnardo/git/mesnardo/snake/resources/flyingSnake2d_cuibm_anush/flyingSnake2dRe1000AoA40
	- description: None
	- software: cuibm
[info] reading forces from file /home/mesnardo/git/mesnardo/snake/resources/flyingSnake2d_cuibm_anush/flyingSnake2dRe1000AoA40/forces ... done
[info] registering simulation ...
	- directory: /home/mesnardo/git/mesnardo/snake/resources/flyingSnake2d_cuibm_anush/flyingSnake2dRe2000AoA25
	- description: None
	- software: cuibm
[info] reading forces from file /home/mesnardo/git/mesnardo/snake/resources/flyingSnake2d_cuibm_anush/flyingSnake2dRe2000AoA25/forces ... done
[info] registering simulation ...
	- directory: /home/mesnardo/git/mesnardo/snake/resources/flyingSnake2d_cuibm_anush/flyingSnake2dRe2000AoA30
	- description: None
	- software: cuibm
[info] reading forces from file /home/mesnardo/git/mesnardo/snake/resources/flyingSnake2d_cuibm_anush/flyingSnake2dRe2000AoA30/forces ... done
[info] registering simulation ...
	- directory: /home/mesnardo/git/mesnardo/snake/resources/flyingSnake2d_cuibm_anush/flyingSnake2dRe2000AoA35
	- description: None
	- software: cuibm
[info] reading forces from file /home/mesnardo/git/mesnardo/snake/resources/flyingSnake2d_cuibm_anush/flyingSnake2dRe2000AoA35/forces ... done
[info] registering simulation ...
	- directory: /home/mesnardo/git/mesnardo/snake/resources/flyingSnake2d_cuibm_anush/flyingSnake2dRe2000AoA40
	- description: None
	- software: cuibm
[info] reading forces from file /home/mesnardo/git/mesnardo/snake/resources/flyingSnake2d_cuibm_anush/flyingSnake2dRe2000AoA40/forces ... done
