[info] registering simulation ...
	- directory: /home/mesnardo/simulations_IBAMR/flyingSnake2d/discretizedBoundary/flyingSnake2dRe1000AoA25_20150717
	- description: None
	- software: ibamr
[info] reading forces from /home/mesnardo/simulations_IBAMR/flyingSnake2d/discretizedBoundary/flyingSnake2dRe1000AoA25_20150717/dataIB/ib_Drag_force_struct_no_0 ... done
[info] registering simulation ...
	- directory: /home/mesnardo/simulations_IBAMR/flyingSnake2d/discretizedBoundary/flyingSnake2dRe1000AoA30_20150717
	- description: None
	- software: ibamr
[info] reading forces from /home/mesnardo/simulations_IBAMR/flyingSnake2d/discretizedBoundary/flyingSnake2dRe1000AoA30_20150717/dataIB/ib_Drag_force_struct_no_0 ... done
[info] registering simulation ...
	- directory: /home/mesnardo/simulations_IBAMR/flyingSnake2d/discretizedBoundary/flyingSnake2dRe1000AoA35_stabilized_20150907
	- description: None
	- software: ibamr
[info] reading forces from /home/mesnardo/simulations_IBAMR/flyingSnake2d/discretizedBoundary/flyingSnake2dRe1000AoA35_stabilized_20150907/dataIB/ib_Drag_force_struct_no_0 ... done
[info] registering simulation ...
	- directory: /home/mesnardo/simulations_IBAMR/flyingSnake2d/discretizedBoundary/flyingSnake2dRe1000AoA40_20150717
	- description: None
	- software: ibamr
[info] reading forces from /home/mesnardo/simulations_IBAMR/flyingSnake2d/discretizedBoundary/flyingSnake2dRe1000AoA40_20150717/dataIB/ib_Drag_force_struct_no_0 ... done
[info] registering simulation ...
	- directory: /home/mesnardo/simulations_IBAMR/flyingSnake2d/discretizedBoundary/flyingSnake2dRe2000AoA25_stabilized_20150728
	- description: None
	- software: ibamr
[info] reading forces from /home/mesnardo/simulations_IBAMR/flyingSnake2d/discretizedBoundary/flyingSnake2dRe2000AoA25_stabilized_20150728/dataIB/ib_Drag_force_struct_no_0 ... done
[info] registering simulation ...
	- directory: /home/mesnardo/simulations_IBAMR/flyingSnake2d/discretizedBoundary/flyingSnake2dRe2000AoA30_stabilized_20150907
	- description: None
	- software: ibamr
[info] reading forces from /home/mesnardo/simulations_IBAMR/flyingSnake2d/discretizedBoundary/flyingSnake2dRe2000AoA30_stabilized_20150907/dataIB/ib_Drag_force_struct_no_0 ... done
[info] registering simulation ...
	- directory: /home/mesnardo/simulations_IBAMR/flyingSnake2d/discretizedBoundary/flyingSnake2dRe2000AoA35_stabilized_20150727
	- description: None
	- software: ibamr
[info] reading forces from /home/mesnardo/simulations_IBAMR/flyingSnake2d/discretizedBoundary/flyingSnake2dRe2000AoA35_stabilized_20150727/dataIB/ib_Drag_force_struct_no_0 ... done
[info] registering simulation ...
	- directory: /home/mesnardo/simulations_IBAMR/flyingSnake2d/discretizedBoundary/flyingSnake2dRe2000AoA40_stabilized_20150907
	- description: None
	- software: ibamr
[info] reading forces from /home/mesnardo/simulations_IBAMR/flyingSnake2d/discretizedBoundary/flyingSnake2dRe2000AoA40_stabilized_20150907/dataIB/ib_Drag_force_struct_no_0 ... done
[info] registering simulation ...
	- directory: /home/mesnardo/simulations_IBAMR/flyingSnake2d/discretizedBody/flyingSnake2dRe1000AoA25_20151123
	- description: None
	- software: ibamr
[info] reading forces from /home/mesnardo/simulations_IBAMR/flyingSnake2d/discretizedBody/flyingSnake2dRe1000AoA25_20151123/dataIB/ib_Drag_force_struct_no_0 ... done
[info] registering simulation ...
	- directory: /home/mesnardo/simulations_IBAMR/flyingSnake2d/discretizedBody/flyingSnake2dRe1000AoA30_20151123
	- description: None
	- software: ibamr
[info] reading forces from /home/mesnardo/simulations_IBAMR/flyingSnake2d/discretizedBody/flyingSnake2dRe1000AoA30_20151123/dataIB/ib_Drag_force_struct_no_0 ... done
[info] registering simulation ...
	- directory: /home/mesnardo/simulations_IBAMR/flyingSnake2d/discretizedBody/flyingSnake2dRe1000AoA35_20151123
	- description: None
	- software: ibamr
[info] reading forces from /home/mesnardo/simulations_IBAMR/flyingSnake2d/discretizedBody/flyingSnake2dRe1000AoA35_20151123/dataIB/ib_Drag_force_struct_no_0 ... done
[info] registering simulation ...
	- directory: /home/mesnardo/simulations_IBAMR/flyingSnake2d/discretizedBody/flyingSnake2dRe1000AoA40_20151123
	- description: None
	- software: ibamr
[info] reading forces from /home/mesnardo/simulations_IBAMR/flyingSnake2d/discretizedBody/flyingSnake2dRe1000AoA40_20151123/dataIB/ib_Drag_force_struct_no_0 ... done
[info] registering simulation ...
	- directory: /home/mesnardo/simulations_IBAMR/flyingSnake2d/discretizedBody/flyingSnake2dRe2000AoA25_20151119
	- description: None
	- software: ibamr
[info] reading forces from /home/mesnardo/simulations_IBAMR/flyingSnake2d/discretizedBody/flyingSnake2dRe2000AoA25_20151119/dataIB/ib_Drag_force_struct_no_0 ... done
[info] registering simulation ...
	- directory: /home/mesnardo/simulations_IBAMR/flyingSnake2d/discretizedBody/flyingSnake2dRe2000AoA30_20151123
	- description: None
	- software: ibamr
[info] reading forces from /home/mesnardo/simulations_IBAMR/flyingSnake2d/discretizedBody/flyingSnake2dRe2000AoA30_20151123/dataIB/ib_Drag_force_struct_no_0 ... done
[info] registering simulation ...
	- directory: /home/mesnardo/simulations_IBAMR/flyingSnake2d/discretizedBody/flyingSnake2dRe2000AoA35_20151115
	- description: None
	- software: ibamr
[info] reading forces from /home/mesnardo/simulations_IBAMR/flyingSnake2d/discretizedBody/flyingSnake2dRe2000AoA35_20151115/dataIB/ib_Drag_force_struct_no_0 ... done
[info] registering simulation ...
	- directory: /home/mesnardo/simulations_IBAMR/flyingSnake2d/discretizedBody/flyingSnake2dRe2000AoA40_20151123
	- description: None
	- software: ibamr
[info] reading forces from /home/mesnardo/simulations_IBAMR/flyingSnake2d/discretizedBody/flyingSnake2dRe2000AoA40_20151123/dataIB/ib_Drag_force_struct_no_0 ... done
[info] registering simulation ...
	- directory: /home/mesnardo/git/mesnardo/snake/resources/flyingSnake2d_cuibm_anush/flyingSnake2dRe1000AoA25
	- description: None
	- software: cuibm
[info] reading forces from file /home/mesnardo/git/mesnardo/snake/resources/flyingSnake2d_cuibm_anush/flyingSnake2dRe1000AoA25/forces ... done
[info] registering simulation ...
	- directory: /home/mesnardo/git/mesnardo/snake/resources/flyingSnake2d_cuibm_anush/flyingSnake2dRe1000AoA30
	- description: None
	- software: cuibm
[info] reading forces from file /home/mesnardo/git/mesnardo/snake/resources/flyingSnake2d_cuibm_anush/flyingSnake2dRe1000AoA30/forces ... done
[info] registering simulation ...
	- directory: /home/mesnardo/git/mesnardo/snake/resources/flyingSnake2d_cuibm_anush/flyingSnake2dRe1000AoA35
	- description: None
	- software: cuibm
[info] reading forces from file /home/mesnardo/git/mesnardo/snake/resources/flyingSnake2d_cuibm_anush/flyingSnake2dRe1000AoA35/forces ... done
[info] registering simulation ...
	- directory: /home/mesnardo/git/mesnardo/snake/resources/flyingSnake2d_cuibm_anush/flyingSnake2dRe1000AoA40
	- description: None
	- software: cuibm
[info] reading forces from file /home/mesnardo/git/mesnardo/snake/resources/flyingSnake2d_cuibm_anush/flyingSnake2dRe1000AoA40/forces ... done
[info] registering simulation ...
	- directory: /home/mesnardo/git/mesnardo/snake/resources/flyingSnake2d_cuibm_anush/flyingSnake2dRe2000AoA25
	- description: None
	- software: cuibm
[info] reading forces from file /home/mesnardo/git/mesnardo/snake/resources/flyingSnake2d_cuibm_anush/flyingSnake2dRe2000AoA25/forces ... done
[info] registering simulation ...
	- directory: /home/mesnardo/git/mesnardo/snake/resources/flyingSnake2d_cuibm_anush/flyingSnake2dRe2000AoA30
	- description: None
	- software: cuibm
[info] reading forces from file /home/mesnardo/git/mesnardo/snake/resources/flyingSnake2d_cuibm_anush/flyingSnake2dRe2000AoA30/forces ... done
[info] registering simulation ...
	- directory: /home/mesnardo/git/mesnardo/snake/resources/flyingSnake2d_cuibm_anush/flyingSnake2dRe2000AoA35
	- description: None
	- software: cuibm
[info] reading forces from file /home/mesnardo/git/mesnardo/snake/resources/flyingSnake2d_cuibm_anush/flyingSnake2dRe2000AoA35/forces ... done
[info] registering simulation ...
	- directory: /home/mesnardo/git/mesnardo/snake/resources/flyingSnake2d_cuibm_anush/flyingSnake2dRe2000AoA40
	- description: None
	- software: cuibm
[info] reading forces from file /home/mesnardo/git/mesnardo/snake/resources/flyingSnake2d_cuibm_anush/flyingSnake2dRe2000AoA40/forces ... done
