
Python version:
2.7.11 |Anaconda 2.5.0 (64-bit)| (default, Dec  6 2015, 18:08:32) 
[GCC 4.4.7 20120313 (Red Hat 4.4.7-1)]

snake version: 0.1


[info] registering simulation ...
	- description: original markers
	- software: petibm
	- directory: /home/mesnardo/snakeReproducibilityPackages/petibm/exactMarkers/Re2000AoA35

[info] reading forces ... done

[info] registering simulation ...
	- description: displaced markers
	- software: petibm
	- directory: /home/mesnardo/snakeReproducibilityPackages/petibm/shiftedMarkers/Re2000AoA35

[info] reading forces ... done
[info] instantaneous signals are averaged between 32.0 and 64.0 time-units.
[info] Strouhal number is averaged over the 10 periods of the lift curve between 34.346 and 61.9748 time-units.
[info] instantaneous signals are averaged between 32.0 and 64.0 time-units.
[info] Strouhal number is averaged over the 9 periods of the lift curve between 34.4296 and 61.7472 time-units.
                     <Cd>    <Cl>    <St>
original markers   1.2351  1.9936  0.3633
displaced markers  1.1709  1.8671  0.3324
