
Python version:
2.7.11 |Anaconda 2.5.0 (64-bit)| (default, Dec  6 2015, 18:08:32) 
[GCC 4.4.7 20120313 (Red Hat 4.4.7-1)]

snake version: 0.1


[info] registering simulation ...
	- description: IcoFOAM
	- software: openfoam
	- directory: /home/mesnardo/snakeReproducibilityPackages/openfoam/snappyHexMesh/Re2000AoA30

[info] reading force-coefficients in /home/mesnardo/snakeReproducibilityPackages/openfoam/snappyHexMesh/Re2000AoA30/postProcessing/forceCoeffs ...

[info] registering simulation ...
	- description: Krishnan et al. (2014)
	- software: cuibm
	- directory: /home/mesnardo/git/barbagroup/snake-repro/reproducibilityPackages/snakePaperFigures/openfoam

[info] reading forces ...
[info] instantaneous signals are averaged between 32.0 and 64.0 time-units.
[info] Strouhal number is averaged over the 10 periods of the lift curve between 33.338 and 62.364 time-units.
[info] instantaneous signals are averaged between 32.0 and 64.0 time-units.
[info] Strouhal number is averaged over the 10 periods of the lift curve between 33.8672 and 63.4752 time-units.
                          <Cd>    <Cl>    <St>
IcoFOAM                 0.9810  1.5753  0.3445
Krishnan et al. (2014)  0.9674  1.5324  0.3378
