
Python version:
2.7.11 |Anaconda 2.5.0 (64-bit)| (default, Dec  6 2015, 18:08:32) 
[GCC 4.4.7 20120313 (Red Hat 4.4.7-1)]

snake version: 0.1


[info] registering simulation ...
	- description: cuIBM (current) - CUSP-0.4.0
	- software: cuibm
	- directory: /home/mesnardo/snakeReproducibilityPackages/cuibm/current/cusp040/Re2000AoA35

[info] reading forces ...

[info] registering simulation ...
	- description: cuIBM (current) - CUSP-0.5.1
	- software: cuibm
	- directory: /home/mesnardo/snakeReproducibilityPackages/cuibm/current/cusp051/Re2000AoA35

[info] reading forces ...

[info] registering simulation ...
	- description: cuIBM (old) - CUSP-0.4.0
	- software: cuibm
	- directory: /home/mesnardo/snakeReproducibilityPackages/cuibm/revision86/Re2000AoA35

[info] reading forces ...
[info] instantaneous signals are averaged between 32.0 and 64.0 time-units.
[info] Strouhal number is averaged over the 11 periods of the lift curve between 34.5792 and 62.9884 time-units.
[info] instantaneous signals are averaged between 32.0 and 64.0 time-units.
[info] Strouhal number is averaged over the 11 periods of the lift curve between 34.5792 and 62.9888 time-units.
[info] instantaneous signals are averaged between 32.0 and 64.0 time-units.
[info] Strouhal number is averaged over the 11 periods of the lift curve between 34.5792 and 62.988 time-units.
                                <Cd>    <Cl>    <St>
cuIBM (current) - CUSP-0.4.0  1.3050  2.1190  0.3872
cuIBM (current) - CUSP-0.5.1  1.3049  2.1203  0.3872
cuIBM (old) - CUSP-0.4.0      1.3050  2.1190  0.3872
