
Python version:
2.7.11 |Anaconda 2.5.0 (64-bit)| (default, Dec  6 2015, 18:08:32) 
[GCC 4.4.7 20120313 (Red Hat 4.4.7-1)]

snake version: 0.1


[info] registering simulation ...
	- description: None
	- software: petibm
	- directory: /home/mesnardo/snakeReproducibilityPackages/petibm/exactMarkers/Re2000AoA35

[info] reading the grid ... done
[time-step 47500] get velocity fields ...
[time-step 47500] reading fluxes from files ... done
[time-step 47500] computing the vorticity field ...
[time-step 47500] plotting the vorticity contour ...
	min=-470.34432747, max=450.548219628
[time-step 130000] get velocity fields ...
[time-step 130000] reading fluxes from files ... done
[time-step 130000] computing the vorticity field ...
[time-step 130000] plotting the vorticity contour ...
	min=-537.108917758, max=262.310301552
[time-step 132500] get velocity fields ...
[time-step 132500] reading fluxes from files ... done
[time-step 132500] computing the vorticity field ...
[time-step 132500] plotting the vorticity contour ...
	min=-458.921194588, max=459.564238444
[time-step 160000] get velocity fields ...
[time-step 160000] reading fluxes from files ... done
[time-step 160000] computing the vorticity field ...
[time-step 160000] plotting the vorticity contour ...
	min=-527.130789118, max=299.424294304
